Using pre-set license
Built from '2020.3/staging' branch; Version is '2020.3.8f1 (507919d4fff5) revision 5273881'; Using compiler version '192528614'; Build Type 'Release'
OS: 'Windows 10 Home; OS build 19042.985; Version 2009; 64bit' Language: 'zh' Physical Memory: 32176 MB
BatchMode: 1, IsHumanControllingUs: 0, StartBugReporterOnCrash: 0, Is64bit: 1, IsPro: 0

 COMMAND LINE ARGUMENTS:
C:\Program Files\Unity\Hub\Editor\2020.3.8f1\Editor\Unity.exe
-adb2
-batchMode
-noUpm
-name
AssetImportWorker0
-projectPath
C:/1-Study/Unity Projects/UC 2021/Prod 323/Prod_323_Assignment_2/Prod 323 Assignment 2
-logFile
Logs/AssetImportWorker0.log
-srvPort
51961
Successfully changed project path to: C:/1-Study/Unity Projects/UC 2021/Prod 323/Prod_323_Assignment_2/Prod 323 Assignment 2
C:/1-Study/Unity Projects/UC 2021/Prod 323/Prod_323_Assignment_2/Prod 323 Assignment 2
Using Asset Import Pipeline V2.
Refreshing native plugins compatible for Editor in 27.36 ms, found 0 plugins.
Preloading 0 native plugins for Editor in 0.00 ms.
Initialize engine version: 2020.3.8f1 (507919d4fff5)
[Subsystems] Discovering subsystems at path C:/Program Files/Unity/Hub/Editor/2020.3.8f1/Editor/Data/Resources/UnitySubsystems
[Subsystems] Discovering subsystems at path C:/1-Study/Unity Projects/UC 2021/Prod 323/Prod_323_Assignment_2/Prod 323 Assignment 2/Assets
GfxDevice: creating device client; threaded=0
Direct3D:
    Version:  Direct3D 11.0 [level 11.1]
    Renderer: NVIDIA GeForce RTX 3070 Laptop GPU (ID=0x249d)
    Vendor:   
    VRAM:     8044 MB
    Driver:   27.21.14.6663
Initialize mono
Mono path[0] = 'C:/Program Files/Unity/Hub/Editor/2020.3.8f1/Editor/Data/Managed'
Mono path[1] = 'C:/Program Files/Unity/Hub/Editor/2020.3.8f1/Editor/Data/MonoBleedingEdge/lib/mono/unityjit'
Mono config path = 'C:/Program Files/Unity/Hub/Editor/2020.3.8f1/Editor/Data/MonoBleedingEdge/etc'
Using monoOptions --debugger-agent=transport=dt_socket,embedding=1,server=y,suspend=n,address=127.0.0.1:56256
Begin MonoManager ReloadAssembly
Registering precompiled unity dll's ...
Register platform support module: C:/Program Files/Unity/Hub/Editor/2020.3.8f1/Editor/Data/PlaybackEngines/WindowsStandaloneSupport/UnityEditor.WindowsStandalone.Extensions.dll
Registered in 0.001459 seconds.
Native extension for WindowsStandalone target not found
Refreshing native plugins compatible for Editor in 27.78 ms, found 0 plugins.
Preloading 0 native plugins for Editor in 0.00 ms.
Mono: successfully reloaded assembly
- Completed reload, in  2.746 seconds
Platform modules already initialized, skipping
Registering precompiled user dll's ...
Registered in 0.000854 seconds.
Begin MonoManager ReloadAssembly
Native extension for WindowsStandalone target not found
Refreshing native plugins compatible for Editor in 0.28 ms, found 0 plugins.
Preloading 0 native plugins for Editor in 0.00 ms.
Mono: successfully reloaded assembly
- Completed reload, in  0.820 seconds
Platform modules already initialized, skipping
========================================================================
Worker process is ready to serve import requests
Launched and connected shader compiler UnityShaderCompiler.exe after 0.04 seconds
Refreshing native plugins compatible for Editor in 0.42 ms, found 0 plugins.
Preloading 0 native plugins for Editor in 0.00 ms.
Unloading 1259 Unused Serialized files (Serialized files now loaded: 0)
System memory in use before: 75.8 MB.
System memory in use after: 75.9 MB.

Unloading 10 unused Assets to reduce memory usage. Loaded Objects now: 1723.
Total: 1.796200 ms (FindLiveObjects: 0.260800 ms CreateObjectMapping: 0.066200 ms MarkObjects: 1.382500 ms  DeleteObjects: 0.085600 ms)

========================================================================
Received Import Request.
  path: Assets/Scripts/TurretControl.cs
  artifactKey: Guid(a8d4170ae251b9e4fa45aa6444420110) Importer(815301076,1909f56bfc062723c751e8b465ee728b)
Start importing Assets/Scripts/TurretControl.cs using Guid(a8d4170ae251b9e4fa45aa6444420110) Importer(815301076,1909f56bfc062723c751e8b465ee728b)  -> (artifact id: 'e5d70be17fa7963bfcec5ad12e85276e') in 0.079133 seconds
  Import took 0.081141 seconds .

========================================================================
Received Prepare
Registering precompiled user dll's ...
Registered in 0.000630 seconds.
Begin MonoManager ReloadAssembly
Native extension for WindowsStandalone target not found
Refreshing native plugins compatible for Editor in 0.93 ms, found 0 plugins.
Preloading 0 native plugins for Editor in 0.00 ms.
Mono: successfully reloaded assembly
- Completed reload, in  0.755 seconds
Platform modules already initialized, skipping
Refreshing native plugins compatible for Editor in 0.36 ms, found 0 plugins.
Preloading 0 native plugins for Editor in 0.00 ms.
Unloading 1252 Unused Serialized files (Serialized files now loaded: 0)
System memory in use before: 75.6 MB.
System memory in use after: 75.7 MB.

Unloading 6 unused Assets to reduce memory usage. Loaded Objects now: 1725.
Total: 2.013700 ms (FindLiveObjects: 0.171700 ms CreateObjectMapping: 0.065800 ms MarkObjects: 1.709900 ms  DeleteObjects: 0.065000 ms)

========================================================================
Received Import Request.
  Time since last request: 25.692372 seconds.
  path: Assets/Scripts/TurretOperation.cs
  artifactKey: Guid(8926f381f4411df4cb252272301d5ada) Importer(815301076,1909f56bfc062723c751e8b465ee728b)
Start importing Assets/Scripts/TurretOperation.cs using Guid(8926f381f4411df4cb252272301d5ada) Importer(815301076,1909f56bfc062723c751e8b465ee728b)  -> (artifact id: '820550fae15b512c10c07b9b234871cc') in 0.011721 seconds
  Import took 0.014691 seconds .

========================================================================
Received Prepare
Registering precompiled user dll's ...
Registered in 0.000695 seconds.
Begin MonoManager ReloadAssembly
Native extension for WindowsStandalone target not found
Refreshing native plugins compatible for Editor in 0.72 ms, found 0 plugins.
Preloading 0 native plugins for Editor in 0.00 ms.
Mono: successfully reloaded assembly
- Completed reload, in  0.683 seconds
Platform modules already initialized, skipping
Refreshing native plugins compatible for Editor in 0.29 ms, found 0 plugins.
Preloading 0 native plugins for Editor in 0.00 ms.
Unloading 1253 Unused Serialized files (Serialized files now loaded: 0)
System memory in use before: 75.7 MB.
System memory in use after: 75.7 MB.

Unloading 5 unused Assets to reduce memory usage. Loaded Objects now: 1729.
Total: 3.377100 ms (FindLiveObjects: 0.393000 ms CreateObjectMapping: 0.046100 ms MarkObjects: 2.788200 ms  DeleteObjects: 0.147900 ms)

========================================================================
Received Import Request.
  Time since last request: 258.099637 seconds.
  path: Assets/Objects/323-Wk8-Lab/Prefabs/Monsters/Character_BR_BigOrk_01.prefab
  artifactKey: Guid(208d260a8c0862348afdc5a096918ec1) Importer(815301076,1909f56bfc062723c751e8b465ee728b)
Start importing Assets/Objects/323-Wk8-Lab/Prefabs/Monsters/Character_BR_BigOrk_01.prefab using Guid(208d260a8c0862348afdc5a096918ec1) Importer(815301076,1909f56bfc062723c751e8b465ee728b)  -> (artifact id: '3c3c8f6632c553e59d90ee81ebe73a3f') in 0.201513 seconds
  Import took 0.205257 seconds .

========================================================================
Received Prepare
Registering precompiled user dll's ...
Registered in 0.000612 seconds.
Begin MonoManager ReloadAssembly
Native extension for WindowsStandalone target not found
Refreshing native plugins compatible for Editor in 0.28 ms, found 0 plugins.
Preloading 0 native plugins for Editor in 0.00 ms.
Mono: successfully reloaded assembly
- Completed reload, in  0.662 seconds
Platform modules already initialized, skipping
Refreshing native plugins compatible for Editor in 0.34 ms, found 0 plugins.
Preloading 0 native plugins for Editor in 0.00 ms.
Unloading 1253 Unused Serialized files (Serialized files now loaded: 0)
System memory in use before: 92.5 MB.
System memory in use after: 92.6 MB.

Unloading 5 unused Assets to reduce memory usage. Loaded Objects now: 1742.
Total: 1.863500 ms (FindLiveObjects: 0.125400 ms CreateObjectMapping: 0.042600 ms MarkObjects: 1.631800 ms  DeleteObjects: 0.062700 ms)

========================================================================
Received Prepare
Registering precompiled user dll's ...
Registered in 0.000614 seconds.
Begin MonoManager ReloadAssembly
Native extension for WindowsStandalone target not found
Refreshing native plugins compatible for Editor in 0.30 ms, found 0 plugins.
Preloading 0 native plugins for Editor in 0.00 ms.
Mono: successfully reloaded assembly
- Completed reload, in  0.921 seconds
Platform modules already initialized, skipping
Refreshing native plugins compatible for Editor in 0.28 ms, found 0 plugins.
Preloading 0 native plugins for Editor in 0.00 ms.
Unloading 1253 Unused Serialized files (Serialized files now loaded: 0)
System memory in use before: 92.5 MB.
System memory in use after: 92.6 MB.

Unloading 5 unused Assets to reduce memory usage. Loaded Objects now: 1745.
Total: 1.622200 ms (FindLiveObjects: 0.134200 ms CreateObjectMapping: 0.027700 ms MarkObjects: 1.400900 ms  DeleteObjects: 0.058700 ms)

========================================================================
Received Import Request.
  Time since last request: 282.056131 seconds.
  path: Assets/Objects/323-Wk8-Lab/Prefabs/Monsters/Character_BR_BigOrk_01.prefab
  artifactKey: Guid(208d260a8c0862348afdc5a096918ec1) Importer(815301076,1909f56bfc062723c751e8b465ee728b)
Start importing Assets/Objects/323-Wk8-Lab/Prefabs/Monsters/Character_BR_BigOrk_01.prefab using Guid(208d260a8c0862348afdc5a096918ec1) Importer(815301076,1909f56bfc062723c751e8b465ee728b)  -> (artifact id: 'b0e87a425c0c814f1b91842648692c1b') in 0.097895 seconds
  Import took 0.102202 seconds .

========================================================================
Received Prepare
Registering precompiled user dll's ...
Registered in 0.000967 seconds.
Begin MonoManager ReloadAssembly
Native extension for WindowsStandalone target not found
Refreshing native plugins compatible for Editor in 0.31 ms, found 0 plugins.
Preloading 0 native plugins for Editor in 0.00 ms.
Mono: successfully reloaded assembly
- Completed reload, in  0.643 seconds
Platform modules already initialized, skipping
Refreshing native plugins compatible for Editor in 0.29 ms, found 0 plugins.
Preloading 0 native plugins for Editor in 0.00 ms.
Unloading 1253 Unused Serialized files (Serialized files now loaded: 0)
System memory in use before: 92.5 MB.
System memory in use after: 92.6 MB.

Unloading 5 unused Assets to reduce memory usage. Loaded Objects now: 1749.
Total: 1.560600 ms (FindLiveObjects: 0.151300 ms CreateObjectMapping: 0.029200 ms MarkObjects: 1.303500 ms  DeleteObjects: 0.075400 ms)

========================================================================
Received Prepare
Registering precompiled user dll's ...
Registered in 0.000568 seconds.
Begin MonoManager ReloadAssembly
Native extension for WindowsStandalone target not found
Refreshing native plugins compatible for Editor in 0.31 ms, found 0 plugins.
Preloading 0 native plugins for Editor in 0.00 ms.
Mono: successfully reloaded assembly
- Completed reload, in  0.604 seconds
Platform modules already initialized, skipping
Refreshing native plugins compatible for Editor in 0.28 ms, found 0 plugins.
Preloading 0 native plugins for Editor in 0.00 ms.
Unloading 1253 Unused Serialized files (Serialized files now loaded: 0)
System memory in use before: 92.5 MB.
System memory in use after: 92.6 MB.

Unloading 5 unused Assets to reduce memory usage. Loaded Objects now: 1752.
Total: 2.013800 ms (FindLiveObjects: 0.210100 ms CreateObjectMapping: 0.073200 ms MarkObjects: 1.666600 ms  DeleteObjects: 0.063000 ms)

========================================================================
Received Import Request.
  Time since last request: 454.565748 seconds.
  path: Assets/Objects/323-Wk8-Lab/Prefabs/Monsters/Character_BR_BigOrk_01.prefab
  artifactKey: Guid(208d260a8c0862348afdc5a096918ec1) Importer(815301076,1909f56bfc062723c751e8b465ee728b)
Start importing Assets/Objects/323-Wk8-Lab/Prefabs/Monsters/Character_BR_BigOrk_01.prefab using Guid(208d260a8c0862348afdc5a096918ec1) Importer(815301076,1909f56bfc062723c751e8b465ee728b)  -> (artifact id: '3e78504eac6041d97918a7899fcc3221') in 0.082339 seconds
  Import took 0.085803 seconds .

========================================================================
Received Prepare
Registering precompiled user dll's ...
Registered in 0.000705 seconds.
Begin MonoManager ReloadAssembly
Native extension for WindowsStandalone target not found
Refreshing native plugins compatible for Editor in 0.31 ms, found 0 plugins.
Preloading 0 native plugins for Editor in 0.00 ms.
Mono: successfully reloaded assembly
- Completed reload, in  0.909 seconds
Platform modules already initialized, skipping
Refreshing native plugins compatible for Editor in 0.29 ms, found 0 plugins.
Preloading 0 native plugins for Editor in 0.00 ms.
Unloading 1253 Unused Serialized files (Serialized files now loaded: 0)
System memory in use before: 92.5 MB.
System memory in use after: 92.6 MB.

Unloading 5 unused Assets to reduce memory usage. Loaded Objects now: 1756.
Total: 1.610300 ms (FindLiveObjects: 0.150800 ms CreateObjectMapping: 0.051200 ms MarkObjects: 1.336600 ms  DeleteObjects: 0.070900 ms)

========================================================================
Received Prepare
Registering precompiled user dll's ...
Registered in 0.001262 seconds.
Begin MonoManager ReloadAssembly
Native extension for WindowsStandalone target not found
Refreshing native plugins compatible for Editor in 0.29 ms, found 0 plugins.
Preloading 0 native plugins for Editor in 0.00 ms.
Mono: successfully reloaded assembly
- Completed reload, in  0.620 seconds
Platform modules already initialized, skipping
Refreshing native plugins compatible for Editor in 0.28 ms, found 0 plugins.
Preloading 0 native plugins for Editor in 0.00 ms.
Unloading 1253 Unused Serialized files (Serialized files now loaded: 0)
System memory in use before: 92.5 MB.
System memory in use after: 92.6 MB.

Unloading 5 unused Assets to reduce memory usage. Loaded Objects now: 1759.
Total: 1.480200 ms (FindLiveObjects: 0.138500 ms CreateObjectMapping: 0.046800 ms MarkObjects: 1.232500 ms  DeleteObjects: 0.061500 ms)

AssetImportWorkerClient::OnTransportError - code=2 error=End of file
