Using pre-set license
Built from '2020.3/staging' branch; Version is '2020.3.8f1 (507919d4fff5) revision 5273881'; Using compiler version '192528614'; Build Type 'Release'
OS: 'Windows 10 Home; OS build 19042.985; Version 2009; 64bit' Language: 'zh' Physical Memory: 32176 MB
BatchMode: 1, IsHumanControllingUs: 0, StartBugReporterOnCrash: 0, Is64bit: 1, IsPro: 0

 COMMAND LINE ARGUMENTS:
C:\Program Files\Unity\Hub\Editor\2020.3.8f1\Editor\Unity.exe
-adb2
-batchMode
-noUpm
-name
AssetImportWorker0
-projectPath
C:/1-Study/Unity Projects/UC 2021/Prod 323/Prod_323_Assignment_2/Prod 323 Assignment 2
-logFile
Logs/AssetImportWorker0.log
-srvPort
56080
Successfully changed project path to: C:/1-Study/Unity Projects/UC 2021/Prod 323/Prod_323_Assignment_2/Prod 323 Assignment 2
C:/1-Study/Unity Projects/UC 2021/Prod 323/Prod_323_Assignment_2/Prod 323 Assignment 2
Using Asset Import Pipeline V2.
Refreshing native plugins compatible for Editor in 22.16 ms, found 0 plugins.
Preloading 0 native plugins for Editor in 0.00 ms.
Initialize engine version: 2020.3.8f1 (507919d4fff5)
[Subsystems] Discovering subsystems at path C:/Program Files/Unity/Hub/Editor/2020.3.8f1/Editor/Data/Resources/UnitySubsystems
[Subsystems] Discovering subsystems at path C:/1-Study/Unity Projects/UC 2021/Prod 323/Prod_323_Assignment_2/Prod 323 Assignment 2/Assets
GfxDevice: creating device client; threaded=0
Direct3D:
    Version:  Direct3D 11.0 [level 11.1]
    Renderer: NVIDIA GeForce RTX 3070 Laptop GPU (ID=0x249d)
    Vendor:   
    VRAM:     8044 MB
    Driver:   27.21.14.6663
Initialize mono
Mono path[0] = 'C:/Program Files/Unity/Hub/Editor/2020.3.8f1/Editor/Data/Managed'
Mono path[1] = 'C:/Program Files/Unity/Hub/Editor/2020.3.8f1/Editor/Data/MonoBleedingEdge/lib/mono/unityjit'
Mono config path = 'C:/Program Files/Unity/Hub/Editor/2020.3.8f1/Editor/Data/MonoBleedingEdge/etc'
Using monoOptions --debugger-agent=transport=dt_socket,embedding=1,server=y,suspend=n,address=127.0.0.1:56820
Begin MonoManager ReloadAssembly
Registering precompiled unity dll's ...
Register platform support module: C:/Program Files/Unity/Hub/Editor/2020.3.8f1/Editor/Data/PlaybackEngines/WindowsStandaloneSupport/UnityEditor.WindowsStandalone.Extensions.dll
Registered in 0.001733 seconds.
Native extension for WindowsStandalone target not found
Refreshing native plugins compatible for Editor in 23.56 ms, found 0 plugins.
Preloading 0 native plugins for Editor in 0.00 ms.
Mono: successfully reloaded assembly
- Completed reload, in  0.819 seconds
Platform modules already initialized, skipping
Registering precompiled user dll's ...
Registered in 0.039451 seconds.
Begin MonoManager ReloadAssembly
Native extension for WindowsStandalone target not found
Refreshing native plugins compatible for Editor in 0.32 ms, found 0 plugins.
Preloading 0 native plugins for Editor in 0.00 ms.
Mono: successfully reloaded assembly
- Completed reload, in  0.853 seconds
Platform modules already initialized, skipping
========================================================================
Worker process is ready to serve import requests
Launched and connected shader compiler UnityShaderCompiler.exe after 0.04 seconds
Refreshing native plugins compatible for Editor in 0.27 ms, found 0 plugins.
Preloading 0 native plugins for Editor in 0.00 ms.
Unloading 1337 Unused Serialized files (Serialized files now loaded: 0)
System memory in use before: 77.3 MB.
System memory in use after: 77.4 MB.

Unloading 69 unused Assets to reduce memory usage. Loaded Objects now: 1740.
Total: 9.666300 ms (FindLiveObjects: 0.670900 ms CreateObjectMapping: 0.273500 ms MarkObjects: 8.069500 ms  DeleteObjects: 0.645900 ms)

========================================================================
Received Prepare
Refreshing native plugins compatible for Editor in 0.79 ms, found 0 plugins.
Preloading 0 native plugins for Editor in 0.00 ms.
Unloading 3 Unused Serialized files (Serialized files now loaded: 0)
System memory in use before: 50.0 MB.
System memory in use after: 50.0 MB.

Unloading 3 unused Assets to reduce memory usage. Loaded Objects now: 1740.
Total: 1.451000 ms (FindLiveObjects: 0.141900 ms CreateObjectMapping: 0.028200 ms MarkObjects: 1.233300 ms  DeleteObjects: 0.047000 ms)

========================================================================
Received Import Request.
  path: Assets/Objects/323-Wk8-Lab
  artifactKey: Guid(a640f56c8690c7b4e9f3136561dfc4b3) Importer(815301076,1909f56bfc062723c751e8b465ee728b)
Start importing Assets/Objects/323-Wk8-Lab using Guid(a640f56c8690c7b4e9f3136561dfc4b3) Importer(815301076,1909f56bfc062723c751e8b465ee728b)  -> (artifact id: '1697d8b2804d2f21aa58fd0c6b22cee6') in 0.008060 seconds
  Import took 0.010216 seconds .

========================================================================
Received Import Request.
  Time since last request: 2.691822 seconds.
  path: Assets/Objects/323-Wk8-Lab/Scripts
  artifactKey: Guid(d385d50b1499f2049843c8e5fd082cd3) Importer(815301076,1909f56bfc062723c751e8b465ee728b)
Start importing Assets/Objects/323-Wk8-Lab/Scripts using Guid(d385d50b1499f2049843c8e5fd082cd3) Importer(815301076,1909f56bfc062723c751e8b465ee728b)  -> (artifact id: '5ddc88d81fc897e3324b9fb55bb251e4') in 0.006991 seconds
  Import took 0.009087 seconds .

========================================================================
Received Import Request.
  Time since last request: 1.143457 seconds.
  path: Assets/Objects/323-Wk8-Lab/Scripts/Camera
  artifactKey: Guid(9dc1e66bebc69e046adf56ceba7afdfd) Importer(815301076,1909f56bfc062723c751e8b465ee728b)
Start importing Assets/Objects/323-Wk8-Lab/Scripts/Camera using Guid(9dc1e66bebc69e046adf56ceba7afdfd) Importer(815301076,1909f56bfc062723c751e8b465ee728b)  -> (artifact id: '2a98664c1294a0fd518d90f6206f32f6') in 0.006689 seconds
  Import took 0.008616 seconds .

========================================================================
Received Import Request.
  Time since last request: 32.766787 seconds.
  path: Assets/Objects/323-Wk8-Lab/Scripts/Inputs
  artifactKey: Guid(32cb8cbf337704d4fb0c0ff4cec7c782) Importer(815301076,1909f56bfc062723c751e8b465ee728b)
Start importing Assets/Objects/323-Wk8-Lab/Scripts/Inputs using Guid(32cb8cbf337704d4fb0c0ff4cec7c782) Importer(815301076,1909f56bfc062723c751e8b465ee728b)  -> (artifact id: 'bae39f1fe9771634ea3c079bef82c36c') in 0.007638 seconds
  Import took 0.009567 seconds .

========================================================================
Received Import Request.
  Time since last request: 37.601239 seconds.
  path: Assets/Objects/323-Wk8-Lab/Scenes
  artifactKey: Guid(db482bd818e5c0246a9ed81b600e9464) Importer(815301076,1909f56bfc062723c751e8b465ee728b)
Start importing Assets/Objects/323-Wk8-Lab/Scenes using Guid(db482bd818e5c0246a9ed81b600e9464) Importer(815301076,1909f56bfc062723c751e8b465ee728b)  -> (artifact id: 'cef271748d05c035a9faa61edad475bd') in 0.006772 seconds
  Import took 0.008796 seconds .

========================================================================
Received Prepare
Registering precompiled user dll's ...
Registered in 0.000974 seconds.
Begin MonoManager ReloadAssembly
Native extension for WindowsStandalone target not found
Refreshing native plugins compatible for Editor in 0.30 ms, found 0 plugins.
Preloading 0 native plugins for Editor in 0.00 ms.
Mono: successfully reloaded assembly
- Completed reload, in  0.602 seconds
Platform modules already initialized, skipping
Refreshing native plugins compatible for Editor in 0.64 ms, found 0 plugins.
Preloading 0 native plugins for Editor in 0.00 ms.
Unloading 1252 Unused Serialized files (Serialized files now loaded: 0)
System memory in use before: 75.3 MB.
System memory in use after: 75.4 MB.

Unloading 5 unused Assets to reduce memory usage. Loaded Objects now: 1743.
Total: 2.229700 ms (FindLiveObjects: 0.192500 ms CreateObjectMapping: 0.030000 ms MarkObjects: 1.948900 ms  DeleteObjects: 0.057000 ms)

========================================================================
Received Prepare
Registering precompiled user dll's ...
Registered in 0.000931 seconds.
Begin MonoManager ReloadAssembly
Native extension for WindowsStandalone target not found
Refreshing native plugins compatible for Editor in 0.30 ms, found 0 plugins.
Preloading 0 native plugins for Editor in 0.00 ms.
Mono: successfully reloaded assembly
- Completed reload, in  0.653 seconds
Platform modules already initialized, skipping
Refreshing native plugins compatible for Editor in 0.30 ms, found 0 plugins.
Preloading 0 native plugins for Editor in 0.00 ms.
Unloading 1252 Unused Serialized files (Serialized files now loaded: 0)
System memory in use before: 75.4 MB.
System memory in use after: 75.4 MB.

Unloading 5 unused Assets to reduce memory usage. Loaded Objects now: 1746.
Total: 1.458300 ms (FindLiveObjects: 0.119000 ms CreateObjectMapping: 0.025100 ms MarkObjects: 1.251100 ms  DeleteObjects: 0.062300 ms)

========================================================================
Received Prepare
Registering precompiled user dll's ...
Registered in 0.001295 seconds.
Begin MonoManager ReloadAssembly
Native extension for WindowsStandalone target not found
Refreshing native plugins compatible for Editor in 0.31 ms, found 0 plugins.
Preloading 0 native plugins for Editor in 0.00 ms.
Mono: successfully reloaded assembly
- Completed reload, in  0.641 seconds
Platform modules already initialized, skipping
Refreshing native plugins compatible for Editor in 0.41 ms, found 0 plugins.
Preloading 0 native plugins for Editor in 0.00 ms.
Unloading 1252 Unused Serialized files (Serialized files now loaded: 0)
System memory in use before: 75.4 MB.
System memory in use after: 75.4 MB.

Unloading 5 unused Assets to reduce memory usage. Loaded Objects now: 1749.
Total: 2.584400 ms (FindLiveObjects: 0.179400 ms CreateObjectMapping: 0.048800 ms MarkObjects: 2.294800 ms  DeleteObjects: 0.060500 ms)

========================================================================
Received Prepare
Registering precompiled user dll's ...
Registered in 0.000801 seconds.
Begin MonoManager ReloadAssembly
Native extension for WindowsStandalone target not found
Refreshing native plugins compatible for Editor in 0.34 ms, found 0 plugins.
Preloading 0 native plugins for Editor in 0.00 ms.
Mono: successfully reloaded assembly
- Completed reload, in  0.909 seconds
Platform modules already initialized, skipping
Refreshing native plugins compatible for Editor in 0.31 ms, found 0 plugins.
Preloading 0 native plugins for Editor in 0.00 ms.
Unloading 1252 Unused Serialized files (Serialized files now loaded: 0)
System memory in use before: 75.4 MB.
System memory in use after: 75.5 MB.

Unloading 5 unused Assets to reduce memory usage. Loaded Objects now: 1752.
Total: 1.857000 ms (FindLiveObjects: 0.186500 ms CreateObjectMapping: 0.069000 ms MarkObjects: 1.540000 ms  DeleteObjects: 0.060600 ms)

========================================================================
Received Import Request.
  Time since last request: 2362.632737 seconds.
  path: Assets/Objects/ImportedAssets
  artifactKey: Guid(3b1ac5118ebf49a46acf0f4be23e1283) Importer(815301076,1909f56bfc062723c751e8b465ee728b)
Start importing Assets/Objects/ImportedAssets using Guid(3b1ac5118ebf49a46acf0f4be23e1283) Importer(815301076,1909f56bfc062723c751e8b465ee728b)  -> (artifact id: 'b95ede830354f4bbc3d7805a22c08205') in 0.010759 seconds
  Import took 0.013571 seconds .

========================================================================
Received Import Request.
  Time since last request: 0.000767 seconds.
  path: Assets/Objects/ImportedAssets
  artifactKey: Guid(3b1ac5118ebf49a46acf0f4be23e1283) Importer(815301076,1909f56bfc062723c751e8b465ee728b)
Start importing Assets/Objects/ImportedAssets using Guid(3b1ac5118ebf49a46acf0f4be23e1283) Importer(815301076,1909f56bfc062723c751e8b465ee728b)  -> (artifact id: 'b95ede830354f4bbc3d7805a22c08205') in 0.001850 seconds
  Import took 0.004204 seconds .

========================================================================
Received Import Request.
  Time since last request: 1.524428 seconds.
  path: Assets/Objects/ImportedAssets/Warrior Pack Bundle 3 FREE
  artifactKey: Guid(053c3b05686738c4c82ba09076f37246) Importer(815301076,1909f56bfc062723c751e8b465ee728b)
Start importing Assets/Objects/ImportedAssets/Warrior Pack Bundle 3 FREE using Guid(053c3b05686738c4c82ba09076f37246) Importer(815301076,1909f56bfc062723c751e8b465ee728b)  -> (artifact id: '7c8cdd9a2a6d70158c3d5518aa5e3bba') in 0.006605 seconds
  Import took 0.008437 seconds .

========================================================================
Received Import Request.
  Time since last request: 1.263807 seconds.
  path: Assets/Objects/ImportedAssets/ZerinLabs_shaderPack01
  artifactKey: Guid(824a259a0e309f4449426a7fd819ba2c) Importer(815301076,1909f56bfc062723c751e8b465ee728b)
Start importing Assets/Objects/ImportedAssets/ZerinLabs_shaderPack01 using Guid(824a259a0e309f4449426a7fd819ba2c) Importer(815301076,1909f56bfc062723c751e8b465ee728b)  -> (artifact id: '4a3088ecdeb1eab8be50021da3a92830') in 0.007181 seconds
  Import took 0.009872 seconds .

========================================================================
Received Import Request.
  Time since last request: 0.641387 seconds.
  path: Assets/Objects/ImportedAssets/Warrior Pack Bundle 1 FREE
  artifactKey: Guid(58f7e0897568f2c46827a3e79b1b25fd) Importer(815301076,1909f56bfc062723c751e8b465ee728b)
Start importing Assets/Objects/ImportedAssets/Warrior Pack Bundle 1 FREE using Guid(58f7e0897568f2c46827a3e79b1b25fd) Importer(815301076,1909f56bfc062723c751e8b465ee728b)  -> (artifact id: '05c6cdc6766d8b5b3f64ab859561a4bf') in 0.007208 seconds
  Import took 0.009165 seconds .

========================================================================
Received Import Request.
  Time since last request: 0.940623 seconds.
  path: Assets/Objects/ImportedAssets/RPG Character Animation Pack
  artifactKey: Guid(e6112dcf77cad7b4b9051b4c723d5bb5) Importer(815301076,1909f56bfc062723c751e8b465ee728b)
Start importing Assets/Objects/ImportedAssets/RPG Character Animation Pack using Guid(e6112dcf77cad7b4b9051b4c723d5bb5) Importer(815301076,1909f56bfc062723c751e8b465ee728b)  -> (artifact id: 'e638e2a9023bd62eb19ea17210fe112f') in 0.007080 seconds
  Import took 0.009148 seconds .

========================================================================
Received Import Request.
  Time since last request: 0.468391 seconds.
  path: Assets/Objects/ImportedAssets/PolygonKnights
  artifactKey: Guid(e796de0269053964fadd89d8920b2438) Importer(815301076,1909f56bfc062723c751e8b465ee728b)
Start importing Assets/Objects/ImportedAssets/PolygonKnights using Guid(e796de0269053964fadd89d8920b2438) Importer(815301076,1909f56bfc062723c751e8b465ee728b)  -> (artifact id: '22219d0d69a897a2128d06c816ec9199') in 0.007247 seconds
  Import took 0.009681 seconds .

========================================================================
Received Import Request.
  Time since last request: 0.354902 seconds.
  path: Assets/Objects/ImportedAssets/PolygonFantasyRivals
  artifactKey: Guid(5de6525c332ad8b458bb52adc2be5487) Importer(815301076,1909f56bfc062723c751e8b465ee728b)
Start importing Assets/Objects/ImportedAssets/PolygonFantasyRivals using Guid(5de6525c332ad8b458bb52adc2be5487) Importer(815301076,1909f56bfc062723c751e8b465ee728b)  -> (artifact id: 'df9d165bab08b04ce717946dc1d654bb') in 0.007124 seconds
  Import took 0.009437 seconds .

========================================================================
Received Import Request.
  Time since last request: 4.202713 seconds.
  path: Assets/Objects/ImportedAssets/PolygonKnights/Prefabs
  artifactKey: Guid(593a826aa8b13fc4b84101eb936a31f5) Importer(815301076,1909f56bfc062723c751e8b465ee728b)
Start importing Assets/Objects/ImportedAssets/PolygonKnights/Prefabs using Guid(593a826aa8b13fc4b84101eb936a31f5) Importer(815301076,1909f56bfc062723c751e8b465ee728b)  -> (artifact id: '7605792e9474020df4f7db01b7035ffc') in 0.006738 seconds
  Import took 0.008618 seconds .

========================================================================
Received Import Request.
  Time since last request: 0.640450 seconds.
  path: Assets/Objects/ImportedAssets/PolygonKnights/Prefabs/Props
  artifactKey: Guid(e26fd35590a95804ea48a79a760d9959) Importer(815301076,1909f56bfc062723c751e8b465ee728b)
Start importing Assets/Objects/ImportedAssets/PolygonKnights/Prefabs/Props using Guid(e26fd35590a95804ea48a79a760d9959) Importer(815301076,1909f56bfc062723c751e8b465ee728b)  -> (artifact id: '95826153d429c35a51653efd1a2c7166') in 0.006338 seconds
  Import took 0.008344 seconds .

========================================================================
Received Import Request.
  Time since last request: 0.709116 seconds.
  path: Assets/Objects/ImportedAssets/PolygonKnights/Prefabs/Environments
  artifactKey: Guid(b63327e677fd39b41b1105033ba7aafa) Importer(815301076,1909f56bfc062723c751e8b465ee728b)
Start importing Assets/Objects/ImportedAssets/PolygonKnights/Prefabs/Environments using Guid(b63327e677fd39b41b1105033ba7aafa) Importer(815301076,1909f56bfc062723c751e8b465ee728b)  -> (artifact id: 'dd397d367aea5560d8af63df13aa6bde') in 0.007112 seconds
  Import took 0.009439 seconds .

========================================================================
Received Import Request.
  Time since last request: 0.562060 seconds.
  path: Assets/Objects/ImportedAssets/PolygonKnights/Prefabs/Environments/SM_Env_Cliff_02.prefab
  artifactKey: Guid(8a521154430ac7b4f84ecd2939a3f482) Importer(815301076,1909f56bfc062723c751e8b465ee728b)
Start importing Assets/Objects/ImportedAssets/PolygonKnights/Prefabs/Environments/SM_Env_Cliff_02.prefab using Guid(8a521154430ac7b4f84ecd2939a3f482) Importer(815301076,1909f56bfc062723c751e8b465ee728b)  -> (artifact id: 'ae622d90158e3fcfb17e0d506d6c53bc') in 0.114257 seconds
  Import took 0.117173 seconds .

========================================================================
Received Import Request.
  Time since last request: 0.352525 seconds.
  path: Assets/Objects/ImportedAssets/PolygonKnights/Prefabs/Environments/SM_Env_GroundMound_01.prefab
  artifactKey: Guid(f0d166010146cdc4eb7c784d54eda812) Importer(815301076,1909f56bfc062723c751e8b465ee728b)
Start importing Assets/Objects/ImportedAssets/PolygonKnights/Prefabs/Environments/SM_Env_GroundMound_01.prefab using Guid(f0d166010146cdc4eb7c784d54eda812) Importer(815301076,1909f56bfc062723c751e8b465ee728b)  -> (artifact id: 'be9369aeea84bec0f2e834980dd44910') in 0.011827 seconds
  Import took 0.014994 seconds .

========================================================================
Received Import Request.
  Time since last request: 0.287442 seconds.
  path: Assets/Objects/ImportedAssets/PolygonKnights/Prefabs/Environments/SM_Env_Path_Cobble_02.prefab
  artifactKey: Guid(f19c957688bdf7849aa321d60569a6b2) Importer(815301076,1909f56bfc062723c751e8b465ee728b)
Start importing Assets/Objects/ImportedAssets/PolygonKnights/Prefabs/Environments/SM_Env_Path_Cobble_02.prefab using Guid(f19c957688bdf7849aa321d60569a6b2) Importer(815301076,1909f56bfc062723c751e8b465ee728b)  -> (artifact id: '854eb111e31630a933424fbeea3fd025') in 0.014094 seconds
  Import took 0.016858 seconds .

========================================================================
Received Import Request.
  Time since last request: 1.918135 seconds.
  path: Assets/Objects/ImportedAssets/KUBIKOS - World
  artifactKey: Guid(3d547ffdbaba706469102d34b2ea1238) Importer(815301076,1909f56bfc062723c751e8b465ee728b)
Start importing Assets/Objects/ImportedAssets/KUBIKOS - World using Guid(3d547ffdbaba706469102d34b2ea1238) Importer(815301076,1909f56bfc062723c751e8b465ee728b)  -> (artifact id: 'd6c77f77f6fd3607475b6de0dd94e9d6') in 0.006825 seconds
  Import took 0.008821 seconds .

========================================================================
Received Import Request.
  Time since last request: 4.936951 seconds.
  path: Assets/Objects/323-Wk8-Lab/Prefabs
  artifactKey: Guid(2912ba809cc506147ad444b34c764059) Importer(815301076,1909f56bfc062723c751e8b465ee728b)
Start importing Assets/Objects/323-Wk8-Lab/Prefabs using Guid(2912ba809cc506147ad444b34c764059) Importer(815301076,1909f56bfc062723c751e8b465ee728b)  -> (artifact id: 'c36bb4b451336d50d02feb01bf216b55') in 0.001855 seconds
  Import took 0.003817 seconds .

========================================================================
Received Import Request.
  Time since last request: 0.845115 seconds.
  path: Assets/Objects/323-Wk8-Lab/Prefabs/Soldiers
  artifactKey: Guid(1717a6813b8ba694b88221418b920d35) Importer(815301076,1909f56bfc062723c751e8b465ee728b)
Start importing Assets/Objects/323-Wk8-Lab/Prefabs/Soldiers using Guid(1717a6813b8ba694b88221418b920d35) Importer(815301076,1909f56bfc062723c751e8b465ee728b)  -> (artifact id: '126bc8ce7899053a133958e9be85ed54') in 0.007016 seconds
  Import took 0.009373 seconds .

========================================================================
Received Import Request.
  Time since last request: 0.350983 seconds.
  path: Assets/Objects/323-Wk8-Lab/Prefabs/BloodSplat_FX.prefab
  artifactKey: Guid(2111fad2d694b264daadd91731cd7af3) Importer(815301076,1909f56bfc062723c751e8b465ee728b)
Start importing Assets/Objects/323-Wk8-Lab/Prefabs/BloodSplat_FX.prefab using Guid(2111fad2d694b264daadd91731cd7af3) Importer(815301076,1909f56bfc062723c751e8b465ee728b)  -> (artifact id: 'bfb734648330ae9eddb335ff89ff3388') in 0.010084 seconds
  Import took 0.012386 seconds .

========================================================================
Received Import Request.
  Time since last request: 0.028855 seconds.
  path: Assets/Objects/323-Wk8-Lab/Prefabs/BloodSplat_FX.prefab
  artifactKey: Guid(2111fad2d694b264daadd91731cd7af3) Importer(815301076,1909f56bfc062723c751e8b465ee728b)
Start importing Assets/Objects/323-Wk8-Lab/Prefabs/BloodSplat_FX.prefab using Guid(2111fad2d694b264daadd91731cd7af3) Importer(815301076,1909f56bfc062723c751e8b465ee728b)  -> (artifact id: 'bfb734648330ae9eddb335ff89ff3388') in 0.004129 seconds
  Import took 0.006231 seconds .

========================================================================
Received Import Request.
  Time since last request: 0.654490 seconds.
  path: Assets/Objects/323-Wk8-Lab/Prefabs/Army Manager.prefab
  artifactKey: Guid(b86687a07e632574e95a4c48ee9a3471) Importer(815301076,1909f56bfc062723c751e8b465ee728b)
Start importing Assets/Objects/323-Wk8-Lab/Prefabs/Army Manager.prefab using Guid(b86687a07e632574e95a4c48ee9a3471) Importer(815301076,1909f56bfc062723c751e8b465ee728b)  -> (artifact id: 'bbcd54f4f33372e783f2ae4d53d0e947') in 0.162162 seconds
  Import took 0.168037 seconds .

========================================================================
Received Import Request.
  Time since last request: 5.137728 seconds.
  path: Assets/Objects/323-Wk8-Lab/Prefabs/EnemyManager.prefab
  artifactKey: Guid(7ceb09856ad0a9445aa7a0796b28a304) Importer(815301076,1909f56bfc062723c751e8b465ee728b)
Start importing Assets/Objects/323-Wk8-Lab/Prefabs/EnemyManager.prefab using Guid(7ceb09856ad0a9445aa7a0796b28a304) Importer(815301076,1909f56bfc062723c751e8b465ee728b)  -> (artifact id: '412a2e08c140e0b2d6894d4ea85af15f') in 0.080647 seconds
  Import took 0.086049 seconds .

========================================================================
Received Import Request.
  Time since last request: 0.735889 seconds.
  path: Assets/Objects/323-Wk8-Lab/Prefabs/Fire_Circle_FX.prefab
  artifactKey: Guid(332e1eeabbe4e4243a5e007c40d40cb6) Importer(815301076,1909f56bfc062723c751e8b465ee728b)
Start importing Assets/Objects/323-Wk8-Lab/Prefabs/Fire_Circle_FX.prefab using Guid(332e1eeabbe4e4243a5e007c40d40cb6) Importer(815301076,1909f56bfc062723c751e8b465ee728b)  -> (artifact id: 'a1f3f669bc28de30b326b567fbc842e7') in 0.010002 seconds
  Import took 0.012381 seconds .

========================================================================
Received Import Request.
  Time since last request: 1.876563 seconds.
  path: Assets/Objects/323-Wk8-Lab/Prefabs/Main Camera.prefab
  artifactKey: Guid(80e28b6819b138440a85cf51d4abb11f) Importer(815301076,1909f56bfc062723c751e8b465ee728b)
Start importing Assets/Objects/323-Wk8-Lab/Prefabs/Main Camera.prefab using Guid(80e28b6819b138440a85cf51d4abb11f) Importer(815301076,1909f56bfc062723c751e8b465ee728b)  -> (artifact id: '52417044447d72582f6a8f807ce89f5c') in 0.008780 seconds
  Import took 0.010913 seconds .

========================================================================
Received Import Request.
  Time since last request: 94.252191 seconds.
  path: Assets/Objects/323-Wk8-Lab/Prefabs/Monsters
  artifactKey: Guid(b1293819142745b4c8d9e184810a98a5) Importer(815301076,1909f56bfc062723c751e8b465ee728b)
Start importing Assets/Objects/323-Wk8-Lab/Prefabs/Monsters using Guid(b1293819142745b4c8d9e184810a98a5) Importer(815301076,1909f56bfc062723c751e8b465ee728b)  -> (artifact id: '0481d6c98e37304253328a7d202a5b9c') in 0.008213 seconds
  Import took 0.010522 seconds .

========================================================================
Received Import Request.
  Time since last request: 0.832265 seconds.
  path: Assets/Objects/323-Wk8-Lab/Prefabs/Monsters/Character_BR_BigOrk_01.prefab
  artifactKey: Guid(208d260a8c0862348afdc5a096918ec1) Importer(815301076,1909f56bfc062723c751e8b465ee728b)
Start importing Assets/Objects/323-Wk8-Lab/Prefabs/Monsters/Character_BR_BigOrk_01.prefab using Guid(208d260a8c0862348afdc5a096918ec1) Importer(815301076,1909f56bfc062723c751e8b465ee728b)  -> (artifact id: '5c367e5c9c6f9585bb9ab183301fe887') in 0.037212 seconds
  Import took 0.041399 seconds .

========================================================================
Received Import Request.
  Time since last request: 5.182258 seconds.
  path: Assets/Objects/323-Wk8-Lab/Prefabs/Soldiers/Character_Knight_01_Black.prefab
  artifactKey: Guid(01f284e4ebcb6304f98c7bb268271cdd) Importer(815301076,1909f56bfc062723c751e8b465ee728b)
Start importing Assets/Objects/323-Wk8-Lab/Prefabs/Soldiers/Character_Knight_01_Black.prefab using Guid(01f284e4ebcb6304f98c7bb268271cdd) Importer(815301076,1909f56bfc062723c751e8b465ee728b)  -> (artifact id: 'f3d938b1ae553505525a47f286a9bfb9') in 0.025364 seconds
  Import took 0.028550 seconds .

========================================================================
Received Import Request.
  Time since last request: 11.341462 seconds.
  path: Assets/Objects/323-Wk8-Lab/Materials
  artifactKey: Guid(5eb20c47daed7d440b3f13242e705e4e) Importer(815301076,1909f56bfc062723c751e8b465ee728b)
Start importing Assets/Objects/323-Wk8-Lab/Materials using Guid(5eb20c47daed7d440b3f13242e705e4e) Importer(815301076,1909f56bfc062723c751e8b465ee728b)  -> (artifact id: 'f45515b65ee585cb2a474ea9a8c81fbb') in 0.007240 seconds
  Import took 0.010511 seconds .

========================================================================
Received Import Request.
  Time since last request: 4.515681 seconds.
  path: Assets/Objects/323-Wk8-Lab/Scripts/AI
  artifactKey: Guid(59564114ca6caad4a90a8fe9f227e531) Importer(815301076,1909f56bfc062723c751e8b465ee728b)
Start importing Assets/Objects/323-Wk8-Lab/Scripts/AI using Guid(59564114ca6caad4a90a8fe9f227e531) Importer(815301076,1909f56bfc062723c751e8b465ee728b)  -> (artifact id: '8e6abcbc9644f046019373153141ac0c') in 0.007839 seconds
  Import took 0.011246 seconds .

========================================================================
Received Import Request.
  Time since last request: 0.738471 seconds.
  path: Assets/Objects/323-Wk8-Lab/Scripts/AI/AIController.cs
  artifactKey: Guid(da2d855583796224ba4cc0cf7c348c67) Importer(815301076,1909f56bfc062723c751e8b465ee728b)
Start importing Assets/Objects/323-Wk8-Lab/Scripts/AI/AIController.cs using Guid(da2d855583796224ba4cc0cf7c348c67) Importer(815301076,1909f56bfc062723c751e8b465ee728b)  -> (artifact id: '916746c687f14be2c6d110d3ef3068be') in 0.008929 seconds
  Import took 0.011111 seconds .

========================================================================
Received Import Request.
  Time since last request: 0.332026 seconds.
  path: Assets/Objects/323-Wk8-Lab/Scripts/AI/ArmyManager.cs
  artifactKey: Guid(7cb46625060c451408cc0177c2e3a3df) Importer(815301076,1909f56bfc062723c751e8b465ee728b)
Start importing Assets/Objects/323-Wk8-Lab/Scripts/AI/ArmyManager.cs using Guid(7cb46625060c451408cc0177c2e3a3df) Importer(815301076,1909f56bfc062723c751e8b465ee728b)  -> (artifact id: '0c094892b6a0d8606985856dfe49f5ad') in 0.006991 seconds
  Import took 0.008978 seconds .

========================================================================
Received Import Request.
  Time since last request: 20.763335 seconds.
  path: Assets/Objects/323-Wk8-Lab/Scripts/AI/PlayerUnitControl.cs
  artifactKey: Guid(d477e7cf757456c48a408812cdc2f658) Importer(815301076,1909f56bfc062723c751e8b465ee728b)
Start importing Assets/Objects/323-Wk8-Lab/Scripts/AI/PlayerUnitControl.cs using Guid(d477e7cf757456c48a408812cdc2f658) Importer(815301076,1909f56bfc062723c751e8b465ee728b)  -> (artifact id: 'b3ce343b9f563c08f849546c5b1cd89b') in 0.007370 seconds
  Import took 0.009550 seconds .

========================================================================
Received Prepare
Registering precompiled user dll's ...
Registered in 0.000685 seconds.
Begin MonoManager ReloadAssembly
Native extension for WindowsStandalone target not found
Refreshing native plugins compatible for Editor in 0.65 ms, found 0 plugins.
Preloading 0 native plugins for Editor in 0.00 ms.
Mono: successfully reloaded assembly
- Completed reload, in  0.832 seconds
Platform modules already initialized, skipping
Refreshing native plugins compatible for Editor in 0.29 ms, found 0 plugins.
Preloading 0 native plugins for Editor in 0.00 ms.
Unloading 1252 Unused Serialized files (Serialized files now loaded: 0)
System memory in use before: 92.7 MB.
System memory in use after: 92.8 MB.

Unloading 6 unused Assets to reduce memory usage. Loaded Objects now: 1767.
Total: 1.908200 ms (FindLiveObjects: 0.183400 ms CreateObjectMapping: 0.036400 ms MarkObjects: 1.601100 ms  DeleteObjects: 0.086000 ms)

========================================================================
Received Import Request.
  Time since last request: 57.048252 seconds.
  path: Assets/Objects/323-Wk8-Lab/Scripts/AI/PatrolAI.cs
  artifactKey: Guid(05d4324571260644bb4d423e2ee45cc9) Importer(815301076,1909f56bfc062723c751e8b465ee728b)
Start importing Assets/Objects/323-Wk8-Lab/Scripts/AI/PatrolAI.cs using Guid(05d4324571260644bb4d423e2ee45cc9) Importer(815301076,1909f56bfc062723c751e8b465ee728b)  -> (artifact id: '74a1773ccdb971ca3463cf0924a60dca') in 0.010798 seconds
  Import took 0.013328 seconds .

========================================================================
Received Import Request.
  Time since last request: 0.002075 seconds.
  path: Assets/Objects/323-Wk8-Lab/Scripts/AI/PatrolAI.cs
  artifactKey: Guid(05d4324571260644bb4d423e2ee45cc9) Importer(815301076,1909f56bfc062723c751e8b465ee728b)
Start importing Assets/Objects/323-Wk8-Lab/Scripts/AI/PatrolAI.cs using Guid(05d4324571260644bb4d423e2ee45cc9) Importer(815301076,1909f56bfc062723c751e8b465ee728b)  -> (artifact id: '74a1773ccdb971ca3463cf0924a60dca') in 0.002588 seconds
  Import took 0.005108 seconds .

========================================================================
Received Import Request.
  Time since last request: 3.423414 seconds.
  path: Assets/Objects/323-Wk8-Lab/Scripts/AI/Health.cs
  artifactKey: Guid(ee1d19adb0e46114aaa0d1d5698bd740) Importer(815301076,1909f56bfc062723c751e8b465ee728b)
Start importing Assets/Objects/323-Wk8-Lab/Scripts/AI/Health.cs using Guid(ee1d19adb0e46114aaa0d1d5698bd740) Importer(815301076,1909f56bfc062723c751e8b465ee728b)  -> (artifact id: '1c49e9d450de7437731e40415195aa7b') in 0.006126 seconds
  Import took 0.008681 seconds .

========================================================================
Received Import Request.
  Time since last request: 1.725747 seconds.
  path: Assets/Objects/323-Wk8-Lab/Scripts/AI/Enemy.cs
  artifactKey: Guid(d7009c0df6462c9479703a89a1ad73df) Importer(815301076,1909f56bfc062723c751e8b465ee728b)
Start importing Assets/Objects/323-Wk8-Lab/Scripts/AI/Enemy.cs using Guid(d7009c0df6462c9479703a89a1ad73df) Importer(815301076,1909f56bfc062723c751e8b465ee728b)  -> (artifact id: '33033632415c1034ff849cd425248051') in 0.006629 seconds
  Import took 0.008803 seconds .

========================================================================
Received Prepare
Registering precompiled user dll's ...
Registered in 0.000669 seconds.
Begin MonoManager ReloadAssembly
Native extension for WindowsStandalone target not found
Refreshing native plugins compatible for Editor in 1.55 ms, found 0 plugins.
Preloading 0 native plugins for Editor in 0.00 ms.
Mono: successfully reloaded assembly
- Completed reload, in  0.745 seconds
Platform modules already initialized, skipping
Refreshing native plugins compatible for Editor in 0.28 ms, found 0 plugins.
Preloading 0 native plugins for Editor in 0.00 ms.
Unloading 1252 Unused Serialized files (Serialized files now loaded: 0)
System memory in use before: 92.8 MB.
System memory in use after: 92.8 MB.

Unloading 5 unused Assets to reduce memory usage. Loaded Objects now: 1770.
Total: 1.693500 ms (FindLiveObjects: 0.166200 ms CreateObjectMapping: 0.026200 ms MarkObjects: 1.404000 ms  DeleteObjects: 0.095100 ms)

========================================================================
Received Prepare
Registering precompiled user dll's ...
Registered in 0.000915 seconds.
Begin MonoManager ReloadAssembly
Native extension for WindowsStandalone target not found
Refreshing native plugins compatible for Editor in 0.57 ms, found 0 plugins.
Preloading 0 native plugins for Editor in 0.00 ms.
Mono: successfully reloaded assembly
- Completed reload, in  0.606 seconds
Platform modules already initialized, skipping
Refreshing native plugins compatible for Editor in 0.32 ms, found 0 plugins.
Preloading 0 native plugins for Editor in 0.00 ms.
Unloading 1252 Unused Serialized files (Serialized files now loaded: 0)
System memory in use before: 92.8 MB.
System memory in use after: 92.8 MB.

Unloading 5 unused Assets to reduce memory usage. Loaded Objects now: 1773.
Total: 2.081500 ms (FindLiveObjects: 0.151900 ms CreateObjectMapping: 0.042800 ms MarkObjects: 1.771700 ms  DeleteObjects: 0.114000 ms)

========================================================================
Received Import Request.
  Time since last request: 521.561054 seconds.
  path: Assets/Scenes/SampleScene.unity
  artifactKey: Guid(9fc0d4010bbf28b4594072e72b8655ab) Importer(815301076,1909f56bfc062723c751e8b465ee728b)
Start importing Assets/Scenes/SampleScene.unity using Guid(9fc0d4010bbf28b4594072e72b8655ab) Importer(815301076,1909f56bfc062723c751e8b465ee728b)  -> (artifact id: '4d56bd0bb5b6f495cf27d7d96bbe2a1d') in 0.022321 seconds
  Import took 0.024929 seconds .

========================================================================
Received Import Request.
  Time since last request: 0.339471 seconds.
  path: Assets/Scenes/323-Week8-Tactical.unity
  artifactKey: Guid(da3b1d2dc6fe9ca4b9995a38ba732de6) Importer(815301076,1909f56bfc062723c751e8b465ee728b)
Start importing Assets/Scenes/323-Week8-Tactical.unity using Guid(da3b1d2dc6fe9ca4b9995a38ba732de6) Importer(815301076,1909f56bfc062723c751e8b465ee728b)  -> (artifact id: '638e034474b005a954a9f07ae08e6d73') in 0.007162 seconds
  Import took 0.009411 seconds .

========================================================================
Received Import Request.
  Time since last request: 443.391795 seconds.
  path: Assets/Objects/323-Wk8-Lab/Icons
  artifactKey: Guid(b9b74d2c6102ee0419f51ab1a96d0b38) Importer(815301076,1909f56bfc062723c751e8b465ee728b)
Start importing Assets/Objects/323-Wk8-Lab/Icons using Guid(b9b74d2c6102ee0419f51ab1a96d0b38) Importer(815301076,1909f56bfc062723c751e8b465ee728b)  -> (artifact id: '4f6cb3e6e63e16479f6fa8709ff78de2') in 0.010658 seconds
  Import took 0.013672 seconds .

========================================================================
Received Import Request.
  Time since last request: 0.654538 seconds.
  path: Assets/Objects/323-Wk8-Lab/Animators
  artifactKey: Guid(9cf9ba8448f147b4e8160f7f197d2d38) Importer(815301076,1909f56bfc062723c751e8b465ee728b)
Start importing Assets/Objects/323-Wk8-Lab/Animators using Guid(9cf9ba8448f147b4e8160f7f197d2d38) Importer(815301076,1909f56bfc062723c751e8b465ee728b)  -> (artifact id: '0d538b1f77587d6e426c9de70f6bfbf6') in 0.007506 seconds
  Import took 0.010465 seconds .

========================================================================
Received Import Request.
  Time since last request: 0.779057 seconds.
  path: Assets/Objects/323-Wk8-Lab/Animators/KarenController.controller
  artifactKey: Guid(efacd2f31fe519448b29f99bdb5d56c5) Importer(815301076,1909f56bfc062723c751e8b465ee728b)
Start importing Assets/Objects/323-Wk8-Lab/Animators/KarenController.controller using Guid(efacd2f31fe519448b29f99bdb5d56c5) Importer(815301076,1909f56bfc062723c751e8b465ee728b)  -> (artifact id: 'e5b39d4eb4f9f103fedd8d393747cc15') in 0.020123 seconds
  Import took 0.023122 seconds .

========================================================================
Received Import Request.
  Time since last request: 0.245012 seconds.
  path: Assets/Objects/323-Wk8-Lab/Animators/KnightController.controller
  artifactKey: Guid(4ea7344fe7030a341a73715bdd7ff0f3) Importer(815301076,1909f56bfc062723c751e8b465ee728b)
Start importing Assets/Objects/323-Wk8-Lab/Animators/KnightController.controller using Guid(4ea7344fe7030a341a73715bdd7ff0f3) Importer(815301076,1909f56bfc062723c751e8b465ee728b)  -> (artifact id: 'e4fa264b32feec95a3676c32d12ff37a') in 0.012918 seconds
  Import took 0.015756 seconds .

========================================================================
Received Import Request.
  Time since last request: 0.236849 seconds.
  path: Assets/Objects/323-Wk8-Lab/Animators/OgreController.controller
  artifactKey: Guid(3aeb7e58532c9c841bde1256b1e65a58) Importer(815301076,1909f56bfc062723c751e8b465ee728b)
Start importing Assets/Objects/323-Wk8-Lab/Animators/OgreController.controller using Guid(3aeb7e58532c9c841bde1256b1e65a58) Importer(815301076,1909f56bfc062723c751e8b465ee728b)  -> (artifact id: '64e477ef5a45f964fb01a609b025b102') in 0.017649 seconds
  Import took 0.020470 seconds .

========================================================================
Received Import Request.
  Time since last request: 5.580039 seconds.
  path: Assets/Objects/323-Wk8-Lab/Scenes/AI
  artifactKey: Guid(84604a47a2d14404eb91341b53b24053) Importer(815301076,1909f56bfc062723c751e8b465ee728b)
Start importing Assets/Objects/323-Wk8-Lab/Scenes/AI using Guid(84604a47a2d14404eb91341b53b24053) Importer(815301076,1909f56bfc062723c751e8b465ee728b)  -> (artifact id: 'c61f0c52977f4153097d2fdf175e2ec1') in 0.001568 seconds
  Import took 0.003636 seconds .

========================================================================
Received Import Request.
  Time since last request: 0.374050 seconds.
  path: Assets/Objects/323-Wk8-Lab/Scenes/AISettings.lighting
  artifactKey: Guid(ff357701f0465fc4da03ac29a5535918) Importer(815301076,1909f56bfc062723c751e8b465ee728b)
Start importing Assets/Objects/323-Wk8-Lab/Scenes/AISettings.lighting using Guid(ff357701f0465fc4da03ac29a5535918) Importer(815301076,1909f56bfc062723c751e8b465ee728b)  -> (artifact id: '13675cff92022feb7d408198101ee0a4') in 0.009828 seconds
  Import took 0.012400 seconds .

========================================================================
Received Import Request.
  Time since last request: 0.003484 seconds.
  path: Assets/Objects/323-Wk8-Lab/Scenes/AISettings.lighting
  artifactKey: Guid(ff357701f0465fc4da03ac29a5535918) Importer(815301076,1909f56bfc062723c751e8b465ee728b)
Start importing Assets/Objects/323-Wk8-Lab/Scenes/AISettings.lighting using Guid(ff357701f0465fc4da03ac29a5535918) Importer(815301076,1909f56bfc062723c751e8b465ee728b)  -> (artifact id: '13675cff92022feb7d408198101ee0a4') in 0.003153 seconds
  Import took 0.005597 seconds .

========================================================================
Received Import Request.
  Time since last request: 5.461144 seconds.
  path: Assets/Objects/323-Wk8-Lab/Scenes/AI.unity
  artifactKey: Guid(51bf6aba6706c2e45b0108103dd0e00c) Importer(815301076,1909f56bfc062723c751e8b465ee728b)
Start importing Assets/Objects/323-Wk8-Lab/Scenes/AI.unity using Guid(51bf6aba6706c2e45b0108103dd0e00c) Importer(815301076,1909f56bfc062723c751e8b465ee728b)  -> (artifact id: '86ca48253900ab54fa3dcd68a9a1ac01') in 0.006297 seconds
  Import took 0.009259 seconds .

========================================================================
Received Prepare
Registering precompiled user dll's ...
Registered in 0.000647 seconds.
Begin MonoManager ReloadAssembly
Native extension for WindowsStandalone target not found
Refreshing native plugins compatible for Editor in 0.55 ms, found 0 plugins.
Preloading 0 native plugins for Editor in 0.00 ms.
Mono: successfully reloaded assembly
- Completed reload, in  0.736 seconds
Platform modules already initialized, skipping
Refreshing native plugins compatible for Editor in 0.49 ms, found 0 plugins.
Preloading 0 native plugins for Editor in 0.00 ms.
Unloading 1252 Unused Serialized files (Serialized files now loaded: 0)
System memory in use before: 93.3 MB.
System memory in use after: 93.4 MB.

Unloading 5 unused Assets to reduce memory usage. Loaded Objects now: 1776.
Total: 3.209100 ms (FindLiveObjects: 0.308000 ms CreateObjectMapping: 0.086800 ms MarkObjects: 2.724100 ms  DeleteObjects: 0.088300 ms)

========================================================================
Received Import Request.
  Time since last request: 30.557857 seconds.
  path: Assets/Objects/323-Wk8-Lab/Scenes/AI/NavMesh.asset
  artifactKey: Guid(d6dd96604a903dd4c89d4ff103c88f62) Importer(815301076,1909f56bfc062723c751e8b465ee728b)
Start importing Assets/Objects/323-Wk8-Lab/Scenes/AI/NavMesh.asset using Guid(d6dd96604a903dd4c89d4ff103c88f62) Importer(815301076,1909f56bfc062723c751e8b465ee728b)  -> (artifact id: 'aba2c335d4a126b5cf6e2941deb25ce3') in 0.315721 seconds
  Import took 0.369714 seconds .

========================================================================
Received Import Request.
  Time since last request: 0.631613 seconds.
  path: Assets/Objects/323-Wk8-Lab/Scenes/AI/ReflectionProbe-0.exr
  artifactKey: Guid(8d562e6bc6c8c674fbfb4518c8656b82) Importer(815301076,1909f56bfc062723c751e8b465ee728b)
Start importing Assets/Objects/323-Wk8-Lab/Scenes/AI/ReflectionProbe-0.exr using Guid(8d562e6bc6c8c674fbfb4518c8656b82) Importer(815301076,1909f56bfc062723c751e8b465ee728b)  -> (artifact id: 'd3f141cc4432d0cde88ee9989d9fcf9f') in 0.062548 seconds
  Import took 0.065255 seconds .

========================================================================
Received Import Request.
  Time since last request: 1.809567 seconds.
  path: Assets/Objects/323-Wk8-Lab/Scenes/AI/Lightmap-0_comp_light.exr
  artifactKey: Guid(b222fadcc6c0ecf4ea40a835039eeb3a) Importer(815301076,1909f56bfc062723c751e8b465ee728b)
Start importing Assets/Objects/323-Wk8-Lab/Scenes/AI/Lightmap-0_comp_light.exr using Guid(b222fadcc6c0ecf4ea40a835039eeb3a) Importer(815301076,1909f56bfc062723c751e8b465ee728b)  -> (artifact id: '04408d94e9a9dba0e3a9c5a62997613d') in 0.077216 seconds
  Import took 0.100776 seconds .

========================================================================
Received Import Request.
  Time since last request: 0.264002 seconds.
  path: Assets/Objects/323-Wk8-Lab/Scenes/AI/Lightmap-0_comp_dir.png
  artifactKey: Guid(f8403b41acee5234e98103c172606b71) Importer(815301076,1909f56bfc062723c751e8b465ee728b)
Start importing Assets/Objects/323-Wk8-Lab/Scenes/AI/Lightmap-0_comp_dir.png using Guid(f8403b41acee5234e98103c172606b71) Importer(815301076,1909f56bfc062723c751e8b465ee728b)  -> (artifact id: '7dd1bc7643263f30d34266669da99354') in 0.285630 seconds
  Import took 0.335965 seconds .

========================================================================
Received Import Request.
  Time since last request: 0.003973 seconds.
  path: Assets/Objects/323-Wk8-Lab/Scenes/AI/LightingData.asset
  artifactKey: Guid(529a5874f37ec6f44ba2dcbc86e722be) Importer(815301076,1909f56bfc062723c751e8b465ee728b)
Start importing Assets/Objects/323-Wk8-Lab/Scenes/AI/LightingData.asset using Guid(529a5874f37ec6f44ba2dcbc86e722be) Importer(815301076,1909f56bfc062723c751e8b465ee728b)  -> (artifact id: 'f7ed8f51dd079f158d0c34ad4e68aa49') in 0.035284 seconds
  Import took 0.040784 seconds .

========================================================================
Received Import Request.
  Time since last request: 18.977708 seconds.
  path: Assets/Scenes/SampleScene/NavMesh.asset
  artifactKey: Guid(6a2d81493dc5228439e7dad43d3f034d) Importer(815301076,1909f56bfc062723c751e8b465ee728b)
Start importing Assets/Scenes/SampleScene/NavMesh.asset using Guid(6a2d81493dc5228439e7dad43d3f034d) Importer(815301076,1909f56bfc062723c751e8b465ee728b)  -> (artifact id: '09ace5b5d251878cac605cf0419695c4') in 0.002938 seconds
  Import took 0.005175 seconds .

========================================================================
Received Import Request.
  Time since last request: 7.016593 seconds.
  path: Assets/Scenes/SampleScene/LightingData.asset
  artifactKey: Guid(a0c584aeb267c6a4d80de8c54e39b715) Importer(815301076,1909f56bfc062723c751e8b465ee728b)
Start importing Assets/Scenes/SampleScene/LightingData.asset using Guid(a0c584aeb267c6a4d80de8c54e39b715) Importer(815301076,1909f56bfc062723c751e8b465ee728b)  -> (artifact id: '3dffba46d088710abd5d543fb69c7425') in 0.009842 seconds
  Import took 0.012507 seconds .

========================================================================
Received Import Request.
  Time since last request: 15.937228 seconds.
  path: Assets/Scenes/SampleScene.unity
  artifactKey: Guid(9fc0d4010bbf28b4594072e72b8655ab) Importer(815301076,1909f56bfc062723c751e8b465ee728b)
Start importing Assets/Scenes/SampleScene.unity using Guid(9fc0d4010bbf28b4594072e72b8655ab) Importer(815301076,1909f56bfc062723c751e8b465ee728b)  -> (artifact id: '0faf81fccba3c19d6f349fd8336b997f') in 0.003159 seconds
  Import took 0.005580 seconds .

========================================================================
Received Import Request.
  Time since last request: 9.226835 seconds.
  path: Assets/Scripts/GameManager.cs
  artifactKey: Guid(5bf7202561280e9479e2ca5d80482b27) Importer(815301076,1909f56bfc062723c751e8b465ee728b)
Start importing Assets/Scripts/GameManager.cs using Guid(5bf7202561280e9479e2ca5d80482b27) Importer(815301076,1909f56bfc062723c751e8b465ee728b)  -> (artifact id: '904a3e4c5037171c3f2b339be1c11265') in 0.006860 seconds
  Import took 0.009076 seconds .

========================================================================
Received Import Request.
  Time since last request: 15.188973 seconds.
  path: Assets/Environment/TerrainData_28b7c1a9-9f56-498a-8c10-bac31dad794f.asset
  artifactKey: Guid(48b2a7f717cf4ce49b0d328840d5e87e) Importer(815301076,1909f56bfc062723c751e8b465ee728b)
Start importing Assets/Environment/TerrainData_28b7c1a9-9f56-498a-8c10-bac31dad794f.asset using Guid(48b2a7f717cf4ce49b0d328840d5e87e) Importer(815301076,1909f56bfc062723c751e8b465ee728b)  -> (artifact id: '6cfad1f82fe4b61fd4ffe9c8dba3d6de') in 0.009126 seconds
  Import took 0.011446 seconds .

========================================================================
Received Import Request.
  Time since last request: 0.393719 seconds.
  path: Assets/Environment/TerrainData_893bb9b2-d58d-4952-894f-8def8f30ee58.asset
  artifactKey: Guid(b259796994faa584cb44bb34111429f8) Importer(815301076,1909f56bfc062723c751e8b465ee728b)
Start importing Assets/Environment/TerrainData_893bb9b2-d58d-4952-894f-8def8f30ee58.asset using Guid(b259796994faa584cb44bb34111429f8) Importer(815301076,1909f56bfc062723c751e8b465ee728b)  -> (artifact id: '0f305586ac0f0b4644d3f996e7e2efff') in 0.008267 seconds
  Import took 0.010694 seconds .

========================================================================
Received Import Request.
  Time since last request: 0.363360 seconds.
  path: Assets/Environment/TerrainData_c55f0aa4-75c3-423f-bccd-5222826511e8.asset
  artifactKey: Guid(ab7a24214f86c7448a067b329e7feb34) Importer(815301076,1909f56bfc062723c751e8b465ee728b)
Start importing Assets/Environment/TerrainData_c55f0aa4-75c3-423f-bccd-5222826511e8.asset using Guid(ab7a24214f86c7448a067b329e7feb34) Importer(815301076,1909f56bfc062723c751e8b465ee728b)  -> (artifact id: '90b78aee844ad0b6a80f71e559f3d9ed') in 0.007639 seconds
  Import took 0.010214 seconds .

========================================================================
Received Import Request.
  Time since last request: 1.028809 seconds.
  path: Assets/Environment/New Terrain.asset
  artifactKey: Guid(92158230e7cc27e4cbfe60394f533066) Importer(815301076,1909f56bfc062723c751e8b465ee728b)
Start importing Assets/Environment/New Terrain.asset using Guid(92158230e7cc27e4cbfe60394f533066) Importer(815301076,1909f56bfc062723c751e8b465ee728b)  -> (artifact id: '752ccdc09f41633f4225bb4bf13ab1f8') in 0.007281 seconds
  Import took 0.009708 seconds .

========================================================================
Received Import Request.
  Time since last request: 21.020887 seconds.
  path: Assets/Objects/323-Wk8-Lab/Scripts/Inputs/UnitSelection.cs
  artifactKey: Guid(6eea962a0f770774b8493e4e4540c3d6) Importer(815301076,1909f56bfc062723c751e8b465ee728b)
Start importing Assets/Objects/323-Wk8-Lab/Scripts/Inputs/UnitSelection.cs using Guid(6eea962a0f770774b8493e4e4540c3d6) Importer(815301076,1909f56bfc062723c751e8b465ee728b)  -> (artifact id: '44edbb604cfdf1379a9ad76556b66e2b') in 0.006250 seconds
  Import took 0.009159 seconds .

========================================================================
Received Import Request.
  Time since last request: 5.591813 seconds.
  path: Assets/Objects/323-Wk8-Lab/Scripts/Formations
  artifactKey: Guid(65d34bfd1a6dbf84686fadb5c8acd2eb) Importer(815301076,1909f56bfc062723c751e8b465ee728b)
Start importing Assets/Objects/323-Wk8-Lab/Scripts/Formations using Guid(65d34bfd1a6dbf84686fadb5c8acd2eb) Importer(815301076,1909f56bfc062723c751e8b465ee728b)  -> (artifact id: '4e93fff6478186d71cf7fe372b627119') in 0.006419 seconds
  Import took 0.008396 seconds .

========================================================================
Received Import Request.
  Time since last request: 0.575571 seconds.
  path: Assets/Objects/323-Wk8-Lab/Scripts/Formations/FormationSelector.cs
  artifactKey: Guid(d91c6070a244dce439e4cc72b9f01cbe) Importer(815301076,1909f56bfc062723c751e8b465ee728b)
Start importing Assets/Objects/323-Wk8-Lab/Scripts/Formations/FormationSelector.cs using Guid(d91c6070a244dce439e4cc72b9f01cbe) Importer(815301076,1909f56bfc062723c751e8b465ee728b)  -> (artifact id: '30fbe50ebb09397ee94c1e6c3e6d812a') in 0.006278 seconds
  Import took 0.008414 seconds .

========================================================================
Received Import Request.
  Time since last request: 2.256927 seconds.
  path: Assets/Objects/323-Wk8-Lab/Scripts/Camera/MoveCamera.cs
  artifactKey: Guid(cb8580e723177754c85acab3fa9d7d01) Importer(815301076,1909f56bfc062723c751e8b465ee728b)
Start importing Assets/Objects/323-Wk8-Lab/Scripts/Camera/MoveCamera.cs using Guid(cb8580e723177754c85acab3fa9d7d01) Importer(815301076,1909f56bfc062723c751e8b465ee728b)  -> (artifact id: '316c47ec3dba493375bccb810b0a2bfd') in 0.007077 seconds
  Import took 0.009667 seconds .

========================================================================
Received Import Request.
  Time since last request: 55.374645 seconds.
  path: Assets/Objects/323-Wk8-Lab/Prefabs/Monsters/Canvas.prefab
  artifactKey: Guid(007a0996dbbf097438401d02314f33d1) Importer(815301076,1909f56bfc062723c751e8b465ee728b)
Start importing Assets/Objects/323-Wk8-Lab/Prefabs/Monsters/Canvas.prefab using Guid(007a0996dbbf097438401d02314f33d1) Importer(815301076,1909f56bfc062723c751e8b465ee728b)  -> (artifact id: '0b8bd70c63177d52c8c65eb4d188f6e6') in 0.017497 seconds
  Import took 0.019782 seconds .

========================================================================
Received Import Request.
  Time since last request: 4.426001 seconds.
  path: Assets/Objects/323-Wk8-Lab/Prefabs/Monsters/Karen.prefab
  artifactKey: Guid(cb3da346d53d71047872703c7b998cd7) Importer(815301076,1909f56bfc062723c751e8b465ee728b)
Start importing Assets/Objects/323-Wk8-Lab/Prefabs/Monsters/Karen.prefab using Guid(cb3da346d53d71047872703c7b998cd7) Importer(815301076,1909f56bfc062723c751e8b465ee728b)  -> (artifact id: '56f6bc30d1e93c8ab2127373a30e9909') in 0.047484 seconds
  Import took 0.050850 seconds .

========================================================================
Received Prepare
Registering precompiled user dll's ...
Registered in 0.011206 seconds.
Begin MonoManager ReloadAssembly
Native extension for WindowsStandalone target not found
Refreshing native plugins compatible for Editor in 2.60 ms, found 0 plugins.
Preloading 0 native plugins for Editor in 0.00 ms.
Mono: successfully reloaded assembly
- Completed reload, in 28.395 seconds
Platform modules already initialized, skipping
Refreshing native plugins compatible for Editor in 0.52 ms, found 0 plugins.
Preloading 0 native plugins for Editor in 0.00 ms.
Unloading 1252 Unused Serialized files (Serialized files now loaded: 0)
System memory in use before: 93.7 MB.
System memory in use after: 93.7 MB.

Unloading 5 unused Assets to reduce memory usage. Loaded Objects now: 1808.
Total: 3.354100 ms (FindLiveObjects: 0.417100 ms CreateObjectMapping: 0.127600 ms MarkObjects: 2.714200 ms  DeleteObjects: 0.092400 ms)

========================================================================
Received Prepare
Registering precompiled user dll's ...
Registered in 0.000926 seconds.
Begin MonoManager ReloadAssembly
Native extension for WindowsStandalone target not found
Refreshing native plugins compatible for Editor in 0.39 ms, found 0 plugins.
Preloading 0 native plugins for Editor in 0.00 ms.
Mono: successfully reloaded assembly
- Completed reload, in  0.615 seconds
Platform modules already initialized, skipping
Refreshing native plugins compatible for Editor in 0.41 ms, found 0 plugins.
Preloading 0 native plugins for Editor in 0.00 ms.
Unloading 1252 Unused Serialized files (Serialized files now loaded: 0)
System memory in use before: 93.7 MB.
System memory in use after: 93.7 MB.

Unloading 5 unused Assets to reduce memory usage. Loaded Objects now: 1811.
Total: 1.957800 ms (FindLiveObjects: 0.211200 ms CreateObjectMapping: 0.032800 ms MarkObjects: 1.658100 ms  DeleteObjects: 0.054400 ms)

========================================================================
Received Import Request.
  Time since last request: 507.032905 seconds.
  path: Assets/Objects/323-Wk8-Lab/Prefabs/Army Manager.prefab
  artifactKey: Guid(b86687a07e632574e95a4c48ee9a3471) Importer(815301076,1909f56bfc062723c751e8b465ee728b)
Start importing Assets/Objects/323-Wk8-Lab/Prefabs/Army Manager.prefab using Guid(b86687a07e632574e95a4c48ee9a3471) Importer(815301076,1909f56bfc062723c751e8b465ee728b)  -> (artifact id: 'd3f86e652667b068a4d42794b0f0db0c') in 0.025968 seconds
  Import took 0.028692 seconds .

========================================================================
Received Prepare
Registering precompiled user dll's ...
Registered in 0.000658 seconds.
Begin MonoManager ReloadAssembly
Native extension for WindowsStandalone target not found
Refreshing native plugins compatible for Editor in 0.28 ms, found 0 plugins.
Preloading 0 native plugins for Editor in 0.00 ms.
Mono: successfully reloaded assembly
- Completed reload, in  0.590 seconds
Platform modules already initialized, skipping
Refreshing native plugins compatible for Editor in 0.28 ms, found 0 plugins.
Preloading 0 native plugins for Editor in 0.00 ms.
Unloading 1252 Unused Serialized files (Serialized files now loaded: 0)
System memory in use before: 93.7 MB.
System memory in use after: 93.7 MB.

Unloading 5 unused Assets to reduce memory usage. Loaded Objects now: 1814.
Total: 1.539700 ms (FindLiveObjects: 0.132400 ms CreateObjectMapping: 0.027100 ms MarkObjects: 1.315300 ms  DeleteObjects: 0.063600 ms)

========================================================================
Received Prepare
Registering precompiled user dll's ...
Registered in 0.000597 seconds.
Begin MonoManager ReloadAssembly
Native extension for WindowsStandalone target not found
Refreshing native plugins compatible for Editor in 0.30 ms, found 0 plugins.
Preloading 0 native plugins for Editor in 0.00 ms.
Mono: successfully reloaded assembly
- Completed reload, in  0.598 seconds
Platform modules already initialized, skipping
Refreshing native plugins compatible for Editor in 0.31 ms, found 0 plugins.
Preloading 0 native plugins for Editor in 0.00 ms.
Unloading 1252 Unused Serialized files (Serialized files now loaded: 0)
System memory in use before: 93.7 MB.
System memory in use after: 93.7 MB.

Unloading 5 unused Assets to reduce memory usage. Loaded Objects now: 1817.
Total: 1.983100 ms (FindLiveObjects: 0.299800 ms CreateObjectMapping: 0.041300 ms MarkObjects: 1.578700 ms  DeleteObjects: 0.061700 ms)

========================================================================
Received Prepare
Registering precompiled user dll's ...
Registered in 0.000661 seconds.
Begin MonoManager ReloadAssembly
Native extension for WindowsStandalone target not found
Refreshing native plugins compatible for Editor in 0.30 ms, found 0 plugins.
Preloading 0 native plugins for Editor in 0.00 ms.
Mono: successfully reloaded assembly
- Completed reload, in  0.621 seconds
Platform modules already initialized, skipping
Refreshing native plugins compatible for Editor in 0.50 ms, found 0 plugins.
Preloading 0 native plugins for Editor in 0.00 ms.
Unloading 1252 Unused Serialized files (Serialized files now loaded: 0)
System memory in use before: 93.7 MB.
System memory in use after: 93.7 MB.

Unloading 5 unused Assets to reduce memory usage. Loaded Objects now: 1820.
Total: 2.676000 ms (FindLiveObjects: 0.295900 ms CreateObjectMapping: 0.078700 ms MarkObjects: 2.236900 ms  DeleteObjects: 0.062500 ms)

AssetImportWorkerClient::OnTransportError - code=2 error=End of file
